         w __deregister_frame_info
         w __register_frame_info
         w userAppExit
         w userAppInit
00000000 00000401 B __ctru_dev_path_buf
00000000 a shift
00000000 a shift
00000000 b _TLS_MODULE_BASE_
00000404 00000802 B __ctru_dev_utf16_buf
00100000 A __start__
00100000 T _start
00100008 T __service_ptr
0010000c T __apt_appid
00100010 T __heap_size
00100014 T __linear_heap_size
00100018 T __system_arglist
0010001c T __system_runflags
00100020 t startup
00100058 t ClearMem
0010006c t ClrLoop
00100094 T _init
001000ac T __aeabi_uidiv
001000ac 000001ec T __udivsi3
001000ac t .udivsi3_skip_div0_test
00100298 00000020 T __aeabi_uidivmod
001002b8 T __aeabi_idiv
001002b8 00000220 T __divsi3
001002c0 t .divsi3_skip_div0_test
001004d8 00000020 T __aeabi_idivmod
001004f8 00000004 W __aeabi_idiv0
001004f8 00000004 W __aeabi_ldiv0
001004fc T __aeabi_drsub
00100504 000002b0 T __aeabi_dsub
00100504 000002b0 T __subdf3
00100508 000002ac T __adddf3
00100508 000002ac T __aeabi_dadd
001007b4 00000024 T __aeabi_ui2d
001007b4 00000024 T __floatunsidf
001007d8 00000028 T __aeabi_i2d
001007d8 00000028 T __floatsidf
00100800 00000048 T __aeabi_f2d
00100800 00000048 T __extendsfdf2
00100848 00000074 T __aeabi_ul2d
00100848 00000074 T __floatundidf
0010085c 00000060 T __aeabi_l2d
0010085c 00000060 T __floatdidf
001008bc T __aeabi_ldivmod
00100990 T __aeabi_uldivmod
001009e8 00000390 T strcmp
00100d70 t __do_global_dtors_aux
00100db0 t frame_dummy
00100ddc 00000170 T initialize_object
00100f4c 00000008 T deinitialize_object
00100f54 000000a8 T draw_sprite_animation
00101000 00000240 T main
00101240 00000034 t C2Di_FrameEndHook
00101278 00000330 T C2D_Init
001015a8 00000044 T C2D_Fini
001015ec 000000d0 T C2D_Prepare
001016bc 0000003c T C2D_Flush
001016f8 00000108 T C2D_SceneSize
00101800 00000058 T C2D_CreateScreenTarget
00101858 00000058 T C2D_TargetClear
001018b0 0000013c T C2Di_CalcQuad
001019ec 0000022c T C2Di_Update
00101c18 000002f8 T C2D_DrawImage
00101f10 0000006c T C2D_SpriteSheetLoadFromHandle
00101f7c 00000048 T C2D_SpriteSheetLoad
00101fc4 00000028 T C2D_SpriteSheetFree
00101fec 00000008 T C2D_SpriteSheetCount
00101ff4 0000002c T C2D_SpriteSheetGetImage
00102020 00000004 W C3Di_LightEnvUpdate
00102024 00000004 W C3Di_LightEnvDirty
00102028 000000b4 t C3Di_AptEventHook
001020dc 00000004 W C3Di_GasUpdate
001020e0 000001e0 T C3D_Init
001022c0 00000098 T C3D_SetViewport
00102358 000004ec T C3Di_UpdateContext
00102844 000000e0 T C3Di_SplitFrame
00102924 00000010 T C3D_GetCmdBufUsage
00102934 00000044 T C3D_Fini
00102978 00000108 T C3D_BindProgram
00102a80 0000004c t onVBlank0
00102acc 0000004c t onVBlank1
00102b18 00000080 t C3Di_RenderTargetDestroy
00102b98 000000f4 t onQueueFinish
00102c8c 00000038 T C3Di_RenderQueueEnableVBlank
00102cc4 00000030 T C3Di_RenderQueueDisableVBlank
00102cf4 00000060 T C3Di_RenderQueueInit
00102d54 000000b0 T C3Di_RenderQueueExit
00102e04 00000034 T C3Di_RenderQueueWaitDone
00102e38 000000e4 T C3D_FrameBegin
00102f1c 00000048 T C3D_FrameDrawOn
00102f64 00000058 T C3D_FrameSplit
00102fbc 000001d8 T C3D_FrameEnd
00103194 0000001c T C3D_FrameEndHook
001031b0 00000018 T C3D_GetDrawingTime
001031c8 00000018 T C3D_GetProcessingTime
001031e0 00000128 T C3D_RenderTargetCreate
00103308 000000a8 T C3D_RenderTargetSetOutput
001033b0 000000fc T C3D_SyncTextureCopy
001034ac 000002a0 T C3D_TexInitWithParams
0010374c 000000c8 T C3D_TexLoadImage
00103814 00000044 T C3D_TexBind
00103858 00000074 T C3D_TexDelete
001038cc 0000016c T C3Di_SetTex
00103a38 000003f4 t Tex3DSi_ImportCommon
00103e2c 00000038 T Tex3DS_TextureImportStdio
00103e64 00000008 T Tex3DS_GetNumSubTextures
00103e6c 0000001c T Tex3DS_GetSubTexture
00103e88 00000004 T Tex3DS_TextureFree
00103e8c 0000001c T C3D_CalcColorBufSize
00103ea8 0000001c T C3D_CalcDepthBufSize
00103ec4 00000044 T C3D_SetFrameBuf
00103f08 0000016c T C3Di_FrameBufBind
00104074 000000cc T C3D_FrameBufClear
00104140 00000044 T C3D_FrameBufTransfer
00104184 00000034 T C3D_GetTexEnv
001041b8 00000024 T C3Di_TexEnvBind
001041dc 00000070 T C3D_ProcTexInit
0010424c 00000054 T C3D_ProcTexBind
001042a0 0000005c T C3D_ProcTexLutBind
001042fc 000000a4 T ProcTexLut_FromArray
001043a0 0000017c T C3Di_ProcTexUpdate
0010451c 00000068 T C3Di_ProcTexDirty
00104584 00000024 T BufInfo_Init
001045a8 00000080 T BufInfo_Add
00104628 00000040 T C3D_SetBufInfo
00104668 00000048 T C3Di_BufInfoBind
001046b0 00000148 T C3D_DrawArrays
001047f8 00000040 T C3D_DepthMap
00104838 0000001c T C3D_CullFace
00104854 00000040 T C3D_StencilTest
00104894 00000024 T C3D_StencilOp
001048b8 0000001c T C3D_BlendingColor
001048d4 00000024 T C3D_EarlyDepthTest
001048f8 0000002c T C3D_DepthTest
00104924 0000002c T C3D_AlphaTest
00104950 00000050 T C3D_AlphaBlend
001049a0 00000030 T C3D_FragOpMode
001049d0 00000044 T C3D_FragOpShadow
00104a14 000001ac T C3Di_EffectBind
00104bc0 00000028 T AttrInfo_Init
00104be8 00000098 T AttrInfo_AddLoader
00104c80 00000054 T C3D_SetAttrInfo
00104cd4 00000080 T C3Di_AttrInfoBind
00104d54 000000a8 T C3D_ImmSendAttrib
00104dfc 0000029c T C3D_UpdateUniforms
00105098 000000c0 T C3Di_DirtyUniforms
00105158 000000d8 T C3Di_LoadShaderUniforms
00105230 00000028 T C3Di_ClearShaderUniforms
00105258 000000cc T Mtx_Ortho
00105324 000000cc T Mtx_OrthoTilt
001053f0 00000024 t addrMapNodeComparator(rbtree_node const*, rbtree_node const*)
00105414 00000004 t addrMapNodeDestructor(rbtree_node*)
00105418 00000114 T vramMemAlign
0010552c 00000008 T vramAlloc
00105534 0000005c T vramFree
00105590 00000024 t addrMapNodeComparator(rbtree_node const*, rbtree_node const*)
001055b4 00000004 t addrMapNodeDestructor(rbtree_node*)
001055b8 00000120 T linearMemAlign
001056d8 00000008 T linearAlloc
001056e0 0000005c T linearFree
0010573c 00000084 T MemPool::CoalesceRight(MemBlock*)
001057c0 00000170 T MemPool::Allocate(MemChunk&, unsigned long, int)
00105930 000000fc T MemPool::Deallocate(MemChunk const&)
00105a2c 00000008 t romfs_close
00105a34 000000c8 t romfs_seek
00105afc 00000024 t romfs_dirreset
00105b20 000000c8 t fill_dir
00105be8 000002b0 t romfs_dirnext
00105e98 00000084 t romfs_free
00105f1c 000000d4 t searchForFile.constprop.0
00105ff0 000000d8 t searchForDir.constprop.0
001060c8 000001c0 t navigateToDir.constprop.0
00106288 00000128 t romfs_open
001063b0 0000004c t romfs_chdir
001063fc 00000070 t romfs_diropen
0010646c 0000017c t romfs_stat
001065e8 00000008 t romfs_dirclose
001065f0 0000007c t romfs_fstat
0010666c 000000d4 t romfs_read
00106740 00000290 T romfsMountFromFile
001069d0 00000098 T romfsMountFromCurrentProcess
00106a68 0000025c T romfsMountSelf
00106cc4 000000ac T romfsUnmount
00106d70 00000074 T osConvertVirtToPhys
00106de4 00000054 T osGetTimeRef
00106e38 000000e4 T osGetTime
00106f1c 00000074 T __libctru_gtod
00106f90 00000038 T osTickCounterRead
00106fc8 00000034 T __ctru_speedup_config
00106ffc 00000178 T consoleDrawChar
00107174 00000124 T consolePrintChar
00107298 00000a00 T con_write
00107c98 00000168 T consoleInit
00107e00 000000f4 t newRow
00107ef4 000000d0 t gfxPresentFramebuffer
00107fc4 0000001c T gfxIsWide
00107fe0 000000ec T gfxSetScreenFormat
001080cc 00000010 T gfxSetDoubleBuffering
001080dc 00000108 T gfxInit
001081e4 00000010 T gfxInitDefault
001081f4 000000b4 T gfxExit
001082a8 000000a0 T gfxGetFramebuffer
00108348 0000010c T gfxFlushBuffers
00108454 00000030 T gfxScreenSwapBuffers
00108484 00000050 T gfxSwapBuffersGpu
001084d4 000001e0 T shaderInstanceInit
001086b4 00000018 T shaderInstanceGetUniformLocation
001086cc 0000001c T shaderProgramInit
001086e8 00000064 T shaderProgramFree
0010874c 00000080 T shaderProgramSetVsh
001087cc 000008c0 T shaderProgramConfigure
0010908c 000001f8 t DVLE_GenerateOutmap.part.0
00109284 000001cc T DVLB_ParseFile
00109450 00000038 T DVLB_Free
00109488 00000074 T DVLE_GetUniformRegister
001094fc 00000010 T GX_BindQueue
0010950c 00000078 T GX_ProcessCommandList
00109584 00000074 T GX_MemoryFill
001095f8 00000070 T GX_DisplayTransfer
00109668 00000074 T GX_TextureCopy
001096dc 00000068 t gxCmdQueueDoCommands.part.0
00109744 000000c8 T gxCmdQueueInterrupt
0010980c 0000004c T gxCmdQueueClear
00109858 000000f8 T gxCmdQueueAdd
00109950 00000080 T gxCmdQueueRun
001099d0 00000060 T gxCmdQueueStop
00109a30 00000074 T gxCmdQueueWait
00109aa4 0000013c T GPUCMD_Add
00109be0 000000ac T GPUCMD_Split
00109c8c 00000040 T f32tof16
00109ccc 00000040 T f32tof24
00109d0c 00000044 T f32tof31
00109d50 00000c58 t gspHardwareInit
0010a9a8 00000254 T gspInit
0010abfc 000000f0 T gspExit
0010acec 00000010 T gspHasGpuRight
0010acfc 00000098 T gspPresentBuffer
0010ad94 00000030 T gspSetEventCallback
0010adc4 00000050 T gspWaitForEvent
0010ae14 0000004c T gspWaitForAnyEvent
0010ae60 00000160 t gspEventThreadMain
0010afc0 00000130 T gspSubmitGxCommand
0010b0f0 00000050 T GSPGPU_FlushDataCache
0010b140 00000034 T GSPGPU_SetLcdForceBlack
0010b174 00000068 T GSPGPU_AcquireRight
0010b1dc 00000048 T GSPGPU_ReleaseRight
0010b224 0000007c T GSPGPU_ImportDisplayCaptureInfo
0010b2a0 0000002c T GSPGPU_SaveVramSysArea
0010b2cc 0000002c T GSPGPU_RestoreVramSysArea
0010b2f8 000001b0 t aptConvertScreenForCapture
0010b4a8 00000008 W aptDspSleep
0010b4b0 00000004 W aptDspWakeup
0010b4b4 00000004 W aptDspCancel
0010b4b8 0000015c T aptSendCommand
0010b614 00000038 t aptExitProcess
0010b64c 000002f0 T aptExit
0010b93c 000000d8 T aptHandleSleep
0010ba14 00000030 T aptHook
0010ba44 00000030 T aptUnhook
0010ba74 00000084 T APT_SleepIfShellClosed
0010baf8 00000084 T aptSetSleepAllowed
0010bb7c 00000084 T APT_UnlockTransition
0010bc00 00000484 t aptEventHandler
0010c084 000000b0 T APT_ReceiveParameter
0010c134 000000b0 t aptReceiveParameter.constprop.0
0010c1e8 000002bc t aptScreenTransfer
0010c4a4 000002d0 t aptWaitForWakeUp.isra.0
0010c774 000000f8 T aptJumpToHomeMenu
0010c86c 0000004c T aptMainLoop
0010c8b8 00000234 T aptInit
0010caec 0000007c T APT_CheckNew3DS
0010cb68 00000024 W hidShouldUseIrrst
0010cb8c 0000018c T hidInit
0010cd18 000000e8 T hidExit
0010ce00 00000294 T hidScanInput
0010d094 00000010 T hidKeysHeld
0010d0a4 00000010 T hidKeysDown
0010d0b4 00000074 T ptmSysmInit
0010d128 0000003c T ptmSysmExit
0010d164 00000034 T PTMSYSM_ConfigureNew3DSCPU
0010d198 000000c8 T fsInit
0010d260 0000003c T fsExit
0010d29c 00000060 T fsExemptFromSession
0010d2fc 00000050 T fsUnexemptFromSession
0010d34c 000000cc T FSUSER_OpenFile
0010d418 000000d4 T FSUSER_OpenFileDirectly
0010d4ec 000000bc T FSUSER_DeleteFile
0010d5a8 000000f8 T FSUSER_RenameFile
0010d6a0 000000bc T FSUSER_DeleteDirectory
0010d75c 000000d4 T FSUSER_CreateFile
0010d830 000000c4 T FSUSER_CreateDirectory
0010d8f4 000000f8 T FSUSER_RenameDirectory
0010d9ec 000000b4 T FSUSER_OpenDirectory
0010daa0 00000094 T FSUSER_OpenArchive
0010db34 0000008c T FSUSER_CloseArchive
0010dbc0 00000074 T FSUSER_GetSdmcArchiveResource
0010dc34 00000064 T FSUSER_IsSdmcWritable
0010dc98 00000058 T FSFILE_Read
0010dcf0 00000060 T FSFILE_Write
0010dd50 00000038 T FSFILE_GetSize
0010dd88 00000028 T FSFILE_SetSize
0010ddb0 0000003c T FSFILE_Close
0010ddec 00000024 T FSFILE_Flush
0010de10 00000050 T FSDIR_Read
0010de60 0000003c T FSDIR_Close
0010de9c 000000cc t buffer_read
0010df68 000000d0 t iov_read
0010e038 00000128 t iov_memmove
0010e160 000001d8 t decompress_rle
0010e338 00000258 t decompress_lzss
0010e590 000002ec t decompress_huff.part.0
0010e87c 00000440 t decompress_lz11
0010ecbc 00000010 T decompressCallback_Stdio
0010eccc 000000e4 T decompressHeader
0010edb0 00000250 T decompressV
0010f000 00000010 T rbtree_init
0010f010 000001a0 t do_insert
0010f1b0 00000008 T rbtree_insert
0010f1b8 00000090 T rbtree_rotate
0010f248 00000338 T rbtree_remove
0010f580 00000074 T rbtree_find
0010f5f4 000000e8 T utf16_to_utf8
0010f6dc 00000064 T decode_utf16
0010f740 000000c0 T utf8_to_utf16
0010f800 000001e0 W __system_allocateHeaps
0010f9e0 00000038 W __libctru_init
0010fa18 000000f0 W __system_initArgv
0010fb08 T svcControlMemory
0010fb28 T svcQueryMemory
0010fb58 T svcExitProcess
0010fb60 T svcCreateThread
0010fb80 T svcExitThread
0010fb88 T svcSleepThread
0010fb90 T svcReleaseMutex
0010fb98 T svcCreateEvent
0010fbac T svcSignalEvent
0010fbb4 T svcClearEvent
0010fbbc T svcMapMemoryBlock
0010fbc4 T svcUnmapMemoryBlock
0010fbcc T svcCreateAddressArbiter
0010fbe0 T svcArbitrateAddressNoTimeout
0010fbe8 T svcCloseHandle
0010fbf0 T svcWaitSynchronization
0010fbf8 T svcWaitSynchronizationN
0010fc20 T svcDuplicateHandle
0010fc34 T svcGetSystemTick
0010fc3c T svcConnectToPort
0010fc50 T svcSendSyncRequest
0010fc58 T svcGetResourceLimit
0010fc6c T svcGetResourceLimitLimitValues
0010fc74 T svcGetResourceLimitCurrentValues
0010fc7c T svcBreak
0010fc84 W initSystem
0010fcd4 W __ctru_exit
0010fcec T __aeabi_read_tp
0010fcf8 0000000c T __sync_init
0010fd04 00000018 T __sync_fini
0010fd1c 0000002c T syncArbitrateAddress
0010fd48 0000001c T LightLock_Init
0010fd64 00000094 T LightLock_Lock
0010fdf8 00000044 T LightLock_TryLock
0010fe3c 00000040 T LightLock_Unlock
0010fe7c 00000024 T RecursiveLock_Init
0010fea0 00000030 T RecursiveLock_Lock
0010fed0 00000078 T RecursiveLock_TryLock
0010ff48 00000054 T RecursiveLock_Unlock
0010ff9c 00000040 T LightEvent_Init
0010ffdc 000000a4 T LightEvent_Clear
00110080 000000c8 T LightEvent_Signal
00110148 00000058 T LightEvent_TryWait
001101a0 000000b0 T LightEvent_Wait
00110250 00000084 W envGetHandle
001102d4 00000050 W envDestroyHandles
00110324 00000124 T srvInit
00110448 00000058 T srvExit
001104a0 00000080 T srvGetServiceHandleDirect
00110520 00000048 T srvGetServiceHandle
00110568 00000038 T srvPublishToSubscriber
001105a0 00000188 T threadCreate
00110728 0000002c T threadFree
00110754 00000024 T threadJoin
00110778 00000030 T threadGetCurrent
001107a8 00000040 T threadExit
001107e8 00000044 t _thread_begin
0011082c 00000094 t mappableFindAddressWithin
001108c0 00000028 T mappableInit
001108e8 00000080 T mappableAlloc
00110968 00000004 T mappableFree
0011096c 00000160 T irrstInit
00110acc 000000cc T irrstExit
00110b98 000000b0 T irrstScanInput
00110c48 00000024 T irrstKeysHeld
00110c6c 0000000c T srvPmGetSessionHandle
00110c78 00000050 T rbtree_node_next
00110cc8 00000060 T encode_utf16
00110d28 000000fc T encode_utf8
00110e24 0000013c T decode_utf8
00110f60 00000030 W __appInit
00110f90 00000030 t __libctru_nanosleep
00110fc0 00000030 t __libctru_get_reent
00110ff0 000000f8 T __system_initSyscalls
001110e8 00000030 W __appExit
00111118 00000090 W __libctru_exit
001111a8 00000014 t archive_link
001111bc 00000014 t archive_dirreset
001111d0 00000014 t archive_chmod
001111e4 00000024 t error_cmp
00111208 00000050 t archive_translate_error
00111258 000000d4 t archive_seek
0011132c 0000007c t _archiveInit.part.0
001113a8 0000008c t archiveFindDevice.part.0
00111434 00000294 t archive_utf16path
001116c8 000000a0 t _archiveUnmountDeviceStruct.part.0
00111768 00000014 t archive_fchmod
0011177c 00000014 t archive_statvfs
00111790 00000158 t _archiveMountDevice
001118e8 000000e8 t archive_diropen
001119d0 000000a4 t archive_fstat
00111a74 0000006c t archive_close
00111ae0 0000006c t archive_fsync
00111b4c 00000070 t archive_dirclose
00111bbc 000000e8 t sdmc_statvfs
00111ca4 00000080 t archive_ftruncate
00111d24 000000fc t archive_chdir
00111e20 000000b0 t archive_read
00111ed0 000000ac t archive_unlink
00111f7c 000000c8 t archive_rmdir
00112044 000000ec t archive_mkdir
00112130 000001a8 t archive_stat
001122d8 00000184 t archive_rename
0011245c 00000168 t archive_dirnext
001125c4 0000012c t archive_write
001126f0 000001f0 t archive_open
001128e0 000001a4 T archiveMountSdmc
00112a84 00000054 T archiveUnmountAll
00112ad8 0000022c T cosf
00112d04 00000024 t with_errnof
00112d28 0000001c T __math_invalidf
00112d48 0000026c T sinf
00112fb4 00000120 T __udivmoddi4
001130d4 00000078 T bsearch
0011314c 00000028 T calloc
00113174 000000bc T _calloc_r
00113230 0000000c T __errno
0011323c 00000034 T exit
00113270 00000160 T _fclose_r
001133d0 00000020 T fclose
001133f0 00000258 T __sflush_r
00113648 00000094 T _fflush_r
001136dc 00000038 T fflush
00113714 0000000c T _cleanup_r
00113720 00000184 T __sinit
001138a4 00000134 T __sfp
001139d8 0000000c T __sfp_lock_acquire
001139e4 0000000c T __sfp_lock_release
001139f0 0000003c T __libc_fini_array
00113a2c 00000140 T _fopen_r
00113b6c 00000028 T fopen
00113b94 000002d4 T _fread_r
00113e68 00000038 T fread
00113ea0 000000f8 T _malloc_trim_r
00113f98 000002e4 T _free_r
0011427c 0000001c T _fseek_r
00114298 00000598 T _fseeko_r
00114830 00000068 T _fwalk
00114898 00000070 T _fwalk_reent
00114908 0000007c T __libc_init_array
00114984 00000138 T __smakebuf_r
00114abc 0000008c T __swhatbuf_r
00114b48 00000028 T memalign
00114b70 00000150 T _memalign_r
00114cc0 00000020 T malloc
00114ce0 00000020 T free
00114d00 000007e0 T _malloc_r
001154e0 000000e0 T memchr
001155c0 000000a8 T memcmp
00115668 0000011c T memcpy
00115784 00000118 T memset
0011589c 0000000c T __malloc_lock
001158a8 0000000c T __malloc_unlock
001158b4 00000034 T printf
001158e8 0000001c t lflush
00115904 000001ac T __srefill_r
00115ab0 00000260 T setvbuf
00115d10 00000074 T sscanf
00115d84 00000044 T __sread
00115dc8 00000008 T __seofread
00115dd0 00000068 T __swrite
00115e38 00000048 T __sseek
00115e80 00000008 T __sclose
00115e88 0000012c T strchr
00115fb4 0000005c T strlen
00116010 000000ec T strncat
001160fc 000000dc T strncmp
001161d8 000000c0 T strncpy
00116298 00000048 T strnlen
001162e0 00000050 t get_arg
00116330 00002bbc T __ssvfscanf_r
00118eec 0000003c T time
00118f28 00000628 t get_arg
00119550 00000030 T __sprint_r
00119580 0000233c T _vfiprintf_r
0011b8bc 000000d4 t __sbprintf
0011b990 00000628 t get_arg
0011bfb8 00003684 T _vfprintf_r
0011f63c 000000d4 t __sbprintf
0011f710 00000054 T _wcrtomb_r
0011f764 00000028 T _wcsrtombs_r
0011f78c 00000154 T __swsetup_r
0011f8e0 00000114 T __call_exitprocs
0011f9f4 000001ac t quorem
0011fba0 000012cc T _dtoa_r
00120e6c 000000cc T __sflags
00120f38 000004c0 T __sfvwrite_r
001213f8 00000008 T iswspace
00121400 0000000c T _localeconv_r
0012140c 00000010 T __locale_mb_cur_max
0012141c 00000068 T _mbrtowc_r
00121484 000002e4 T __utf8_mbtowc
00121768 00000154 T memmove
001218bc 00000088 T _Balloc
00121944 0000001c T _Bfree
00121960 000000f4 T __multadd
00121a54 00000110 T __s2b
00121b64 00000058 T __hi0bits
00121bbc 00000094 T __lo0bits
00121c50 000000a4 T __i2b
00121cf4 00000204 T __multiply
00121ef8 00000120 T __pow5mult
00122018 0000013c T __lshift
00122154 00000058 T __mcmp
001221ac 000001cc T __mdiff
00122378 00000074 T __ulp
001223ec 000000d0 T __b2d
001224bc 00000124 T __d2b
001225e0 00000078 T __ratio
00122658 00000088 T __copybits
001226e0 0000005c T __any_on
0012273c 00000028 T realloc
00122764 00000558 T _realloc_r
00122cbc 000000e4 T __sccl
00122da0 0000000c T nanf
00122db0 000000a8 T frexp
00122e58 00000064 T sprintf
00122ebc 000000b8 T stpncpy
00122f78 00001368 T _strtod_l
001242e0 0000000c T _strtod_r
001242ec 0000022c t _strtoll_l.constprop.0
00124518 00000004 T _strtoll_r
0012451c 000001a4 t _strtol_l.part.0
001246c0 0000003c T _strtol_r
001246fc 00000244 t _strtoull_l.constprop.0
00124940 00000004 T _strtoull_r
00124944 000001c4 t _strtoul_l.constprop.0
00124b08 00000004 T _strtoul_r
00124b0c 00000190 T __ssprint_r
00124c9c 000000e0 T _sungetc_r
00124d7c 0000006c T __ssrefill_r
00124de8 000000c8 T _sfread_r
00124eb0 00000628 t get_arg
001254d8 000035b8 T _svfprintf_r
00128a90 000000a8 T __submore
00128b38 00000190 T _wcsnrtombs_l
00128cc8 0000004c T _wcsnrtombs_r
00128d14 000000f0 T __utf8_wctomb
00128e04 00000054 T __assert_func
00128e58 0000003c T fiprintf
00128e94 000000ec t rshift
00128f80 00000904 T __gethex
00129884 0000004c T __match
001298d0 0000029c T __hexnan
00129b6c 0000003c T iswspace_l
00129ba8 000001d4 t __jp2uc
00129d7c 0000009c T _jp2uc_l
00129e18 00000010 T nan
00129e28 00000014 T abort
00129e3c 00000084 T category
00129ec0 00000098 T _raise_r
00129f58 00000020 T raise
00129f78 00000008 t null_write
00129f80 00000018 T setDefaultDevice
00129f98 000000c8 T FindDevice
0012a060 00000028 T RemoveDevice
0012a088 0000009c T AddDevice
0012a124 00000020 T GetDeviceOpTab
0012a144 00000078 T _fstat_r
0012a1bc 00000014 T _getpid_r
0012a1d0 00000038 T _gettimeofday_r
0012a208 00000008 T _isatty_r
0012a210 00000014 T _kill_r
0012a224 00000084 T _lseek_r
0012a2a8 000000c8 T _open_r
0012a370 00000080 T _read_r
0012a3f0 00000078 T _sbrk_r
0012a468 00000080 T _write_r
0012a4e8 00000024 T _exit
0012a50c 000001b8 T _concatenate_path
0012a6c4 00000160 T chdir
0012a824 00000008 T __flockfile
0012a82c 00000008 T __funlockfile
0012a834 00000018 T __libc_lock_acquire
0012a84c 00000018 T __libc_lock_release
0012a864 00000018 T __libc_lock_init_recursive
0012a87c 00000018 T __libc_lock_acquire_recursive
0012a894 00000018 T __libc_lock_release_recursive
0012a8ac 00000018 T __libc_lock_close_recursive
0012a8c4 0000008c T __release_handle
0012a950 000000b4 T __alloc_handle
0012aa04 0000003c T __get_handle
0012aa40 000000f4 T _close_r
0012ab34 00000028 T __getreent
0012ab5c 00000038 T __aeabi_d2lz
0012ab5c 00000038 T __fixdfdi
0012ab98 00000040 T __aeabi_d2ulz
0012ab98 00000040 T __fixunsdfdi
0012abd8 00000044 T strrchr
0012ac1c T _fini
0012b000 00000008 r reimu_position
0012b008 00000008 r reimu_pivot
0012b140 R render2d_shbin
0012b2cc R render2d_shbin_end
0012b2cc R render2d_shbin_size
0012b2d0 00000038 r CSWTCH.18
0012b308 00000005 r colorFmtSizes
0012b310 00000004 r depthFmtSizes
0012b314 00000010 r CSWTCH.9
0012b348 00000070 r romFS_devoptab
0012b41c 00000030 r colorTable
0012b44c 00000070 r dotab_stdout
0012b4e0 00000008 r morton_x.3
0012b4e8 00000008 r morton_y.2
0012b4f0 00000008 r s_sleepWakeEvents.4
0012b524 R default_font_bin
0012bd24 R default_font_bin_end
0012bd50 00000070 r archive_devoptab
0012bdc0 00000030 r error_table
0012bdf0 00000060 R __inv_pio4
0012be50 000000e0 R __sincosf_table
0012bf30 00000004 R _global_impure_ptr
0012bf3c 00000022 r basefix.0
0012bf88 00000010 r blanks.1
0012bf98 00000010 r zeroes.0
0012bfbc 00000010 r blanks.1
0012bfcc 00000010 r zeroes.0
0012bfdc 00000101 R _ctype_
0012c0f0 r .LC2
0012c1d0 00000028 R __mprec_bigtens
0012c1f8 000000c8 R __mprec_tens
0012c2c0 0000000c r p05.0
0012c2dc 00000014 r fpi.1
0012c2f0 00000014 r fpinan.0
0012c308 00000028 r tinytens
0012c330 0000006c R __action_table
0012c39c 00000100 R __chclass
0012c49c 0000006c R __state_table
0012c508 00000010 r blanks.1
0012c518 00000010 r zeroes.0
0012c5b0 00000100 R __hexdig
0012c6c4 000000bc r a1
0012c780 000000bc r a2
0012c83c 0000005b r a3
0012c898 00000070 r a6
0012c908 000000a2 r a7
0012c9ac 00000040 r a8
0012c9ec 0000172a r b02cf
0012e118 00001a7c r d02f4
0012fb94 0000000c R _C_numeric_locale
0012fba0 000031e6 r categories
00132d88 00000070 R dotab_stdnull
00132df8 r 
00132df8 R __exidx_end
00132df8 R __exidx_start
00133000 00000004 d framerate
00133004 00000008 d framerateCounter
0013300c 00000004 D currentConsole
00133010 0000004c D defaultConsole
0013305c 00000001 d firstConsoleInit.0
00133060 00000004 d queueLock
00133064 00000004 d kCount
00133068 00000004 d kDelay
0013306c 00000004 d kInterval
00133070 W __stacksize__
00133074 0000000c d __sfp_recursive_mutex
00133080 0000000c d __sinit_recursive_mutex
0013308c 00000004 D _impure_ptr
00133090 00000460 d impure_data
001334f0 00000408 D __malloc_av_
001338f8 00000004 D __malloc_sbrk_base
001338fc 00000004 D __malloc_trim_threshold
00133900 0000000c d __malloc_recursive_mutex
0013390c 0000000c D __atexit_recursive_mutex
00133918 0000016c D __global_locale
00133a84 00000002 d numempty
00133a88 00000004 d defaultDevice
00133a8c 0000008c D devoptab_list
00133b18 00000400 d _current_working_directory
00133f18 00000004 d __hndl_lock
00133f1c 0000000c d __stderr_handle
00133f28 0000000c d __stdin_handle
00133f34 0000000c d __stdout_handle
00133f40 00001000 d handles
00134f48 d _GLOBAL_OFFSET_TABLE_
00134f54 d __frame_dummy_init_array_entry
00134f54 D __init_array_start
00134f54 B __preinit_array_end
00134f54 B __preinit_array_start
00134f54 D __tdata_lma
00134f54 D __tdata_lma_end
00134f58 d __do_global_dtors_aux_fini_array_entry
00134f58 D __fini_array_start
00134f58 D __init_array_end
00134f5c D __bss_start__
00134f5c D __fini_array_end
00134f60 00000230 b reimu_sprite
00135190 00000038 b reimu_object
001351c8 b completed.1
001351cc b object.0
001351e8 000005a0 B __C2Di_Context
00135788 00000040 b s_projBot
001357c8 00000040 b s_projTop
00135808 00000004 b uLoc_mdlvMtx
0013580c 00000004 b uLoc_projMtx
00135810 000002d0 B __C3D_Context
00135ae0 0000000c b hookCookie
00135af0 00000010 b cpuTime
00135b00 00000004 b firstTarget
00135b04 00000008 b frameCounter
00135b0c 00000004 b frameEndCb
00135b10 00000004 b frameEndCbData
00135b18 00000010 b gpuTime
00135b28 00000001 b inFrame
00135b29 00000001 b inSafeTransfer
00135b2a 00000001 b isTopStereo
00135b2c 00000004 b lastTarget
00135b30 0000000c b linkedTarget
00135b3c 00000001 b measureGpuTime
00135b3d 00000001 b needSwapBot
00135b3e 00000001 b needSwapTop
00135b40 00000004 B C3D_BoolUnifs
00135b44 00000002 B C3D_BoolUnifsDirty
00135b48 00000c00 B C3D_FVUnif
00136748 000000c0 B C3D_FVUnifDirty
00136808 00000020 B C3D_IVUnif
00136828 00000008 B C3D_IVUnifDirty
00136830 000000c0 b C3Di_FVUnifEverDirty
001368f0 00000008 b C3Di_IVUnifEverDirty
001368f8 00000018 b C3Di_ShaderFVecData
00136910 0000000c b sAddrMap
0013691c 00000008 b sVramPool
00136924 00000008 b sLinearPool
0013692c 0000000c b sAddrMap
00136938 00000004 V __romfs_path
0013693c 00000004 b romfs_mount_list
00136940 00000001 V __ctru_speedup
00136944 0000004c B currentCopy
00136990 00000004 b gfxBottomFramebufferMaxSize
00136994 00000008 b gfxBottomFramebuffers
0013699c 00000002 b gfxCurBuf
001369a0 00000002 b gfxFramebufferFormats
001369a4 00000002 b gfxIsDoubleBuf
001369a6 00000001 b gfxIsVram
001369a8 00000004 b gfxTopFramebufferMaxSize
001369ac 00000008 b gfxTopFramebuffers
001369b4 00000001 b gfxTopMode
001369b8 00000004 b screenAlloc
001369bc 00000004 b screenFree
001369c0 00000004 b boundQueue
001369c4 00000004 b curQueue
001369c8 00000001 b isActive
001369c9 00000001 b isRunning
001369ca 00000001 b shouldStop
001369cc 00000004 B gpuCmdBuf
001369d0 00000004 B gpuCmdBufOffset
001369d4 00000004 B gpuCmdBufSize
001369d8 00000004 b gspEvent
001369dc 0000001c b gspEventCb
001369f8 0000001c b gspEventCbData
00136a14 00000007 b gspEventCbOneShot
00136a1c 00000004 b gspEventThread
00136a20 00000038 b gspEvents
00136a58 00000004 b gspGpuHandle
00136a5c 00000001 b gspGpuRight
00136a60 00000004 b gspLastEvent
00136a64 00000004 b gspRefCount
00136a68 00000001 b gspRunEvents
00136a6c 00000004 b gspSharedMem
00136a70 00000004 b gspSharedMemHandle
00136a74 00000001 b gspThreadId
00136a75 00000001 b aptChainloadFlags
00136a76 00000001 b aptChainloadMediatype
00136a78 00000008 b aptChainloadTid
00136a80 00000004 b aptEventHandlerThread
00136a84 00000001 b aptEventHandlerThreadQuit
00136a88 00000008 b aptEvents
00136a90 0000000c b aptFirstHook
00136a9c 00000004 b aptFlags
00136aa0 00000001 b aptHomeButtonState
00136aa4 00000004 b aptLockHandle
00136aa8 00000004 b aptMessageFunc
00136aac 00000004 b aptMessageFuncData
00136ab0 00001000 b aptParameters
00137ab0 00000008 b aptReceiveEvent
00137ab8 00000004 b aptRefCount
00137abc 00000008 b aptSleepEvent
00137ac4 00000001 b flagInit.1
00137ac5 00000001 b flagValue.0
00137ac8 00000004 b serviceName.6
00137acc 00000006 b aVec
00137ad4 00000004 b cPos
00137ad8 00000006 b gRate
00137ae0 00000014 B hidEvents
00137af4 00000004 B hidHandle
00137af8 00000004 B hidMemHandle
00137afc 00000004 b hidRefCount
00137b00 00000004 B hidSharedMem
00137b04 00000004 b kDown
00137b08 00000004 b kHeld
00137b0c 00000004 b kOld
00137b10 00000004 b kRepeat
00137b14 00000004 b kUp
00137b18 00000004 b tPos
00137b1c 00000001 b usingIrrst
00137b20 00000004 b ptmSysmHandle
00137b24 00000004 b ptmSysmRefCount
00137b28 00000080 b fsExemptArchives
00137ba8 00000004 b fsuHandle
00137bac 00000004 b fsuRefCount
00137bb0 00000004 B __ctru_heap
00137bb4 00000004 V __ctru_heap_size
00137bb8 00000004 B __ctru_linear_heap
00137bbc 00000004 V __ctru_linear_heap_size
00137bc0 00000004 B __system_retAddr
00137bc4 00000004 B __system_argc
00137bc8 00000004 B __system_argv
00137bcc b saved_stack
00137bd4 00000004 b arbiter
00137bd8 00000004 b srvHandle
00137bdc 00000004 b srvRefCount
00137be0 00000004 b currentAddr
00137be4 00000004 b maxAddr
00137be8 00000004 b minAddr
00137bec 00000004 b csPos
00137bf0 00000004 B irrstEvent
00137bf4 00000004 B irrstHandle
00137bf8 00000004 B irrstMemHandle
00137bfc 00000004 b irrstRefCount
00137c00 00000004 B irrstSharedMem
00137c04 00000004 b kHeld
00137c08 00000004 b srvPmHandle
00137c0c 00000004 b archive_device_cwd
00137c10 00000540 b archive_devices
00138150 00000001 b archive_initialized
00138154 00000028 B __malloc_current_mallinfo
0013817c 00000004 B __malloc_max_sbrked_mem
00138180 00000004 B __malloc_max_total_mem
00138184 00000004 B __malloc_top_pad
00138188 00000004 b heap_start.0
0013818c 00000004 B fake_heap_end
00138190 00000004 B fake_heap_start
00138194 00000400 b temp_cwd
00138594 00000048 B __syscalls
001385dc B __tls_start
001391e4 B __bss_end__
001391e4 A __end__
001391e4 B __tls_end
